<?xml version="1.0" encoding="UTF-8"?>
<!-- Generated by org.testng.reporters.JUnitReportReporter -->
<testsuite hostname="Hari" failures="0" tests="2" name="testcases.LoginTest" time="25.487" errors="0" timestamp="25 Nov 2023 14:47:15 GMT" skipped="0">
  <testcase classname="testcases.LoginTest" name="LoginFailiureTest" time="12.497"/>
  <testcase classname="testcases.LoginTest" name="LoginSuccessTest" time="12.990"/>
</testsuite> <!-- testcases.LoginTest -->
