<?xml version="1.0" encoding="UTF-8"?>
<!-- Generated by org.testng.reporters.JUnitReportReporter -->
<testsuite hostname="Hari" failures="0" tests="2" name="testcases.LoginTest" time="24.325" errors="0" timestamp="25 Nov 2023 14:24:29 GMT" skipped="0">
  <testcase classname="testcases.LoginTest" name="LoginSuccessTest" time="11.221"/>
  <testcase classname="testcases.LoginTest" name="LoginFailiureTest" time="13.104"/>
</testsuite> <!-- testcases.LoginTest -->
